c:\vs_code_projects\pybind\pybind\x64\debug\vc143.pdb
c:\vs_code_projects\pybind\pybind\x64\debug\vc143.idb
c:\vs_code_projects\pybind\pybind\x64\debug\pybind.obj
c:\python_projects\practiceproject\cpp_part\pybind\pybind\x64\debug\vc143.pdb
c:\python_projects\practiceproject\cpp_part\pybind\pybind\x64\debug\vc143.idb
c:\python_projects\practiceproject\cpp_part\pybind\pybind\x64\debug\source.obj
c:\vs_code_projects\pybind\x64\debug\pybind.exe
c:\vs_code_projects\pybind\x64\debug\pybind.pdb
c:\vs_code_projects\pybind\pybind\x64\debug\pybind.ilk
c:\python_projects\practiceproject\cpp_part\pybind\pybind\x64\debug\pybind.obj
c:\python_projects\practiceproject\cpp_part\pybind\x64\debug\pybind.pdb
c:\python_projects\practiceproject\cpp_part\pybind\pybind\x64\debug\pybind.tlog\cl.command.1.tlog
c:\python_projects\practiceproject\cpp_part\pybind\pybind\x64\debug\pybind.tlog\cl.items.tlog
c:\python_projects\practiceproject\cpp_part\pybind\pybind\x64\debug\pybind.tlog\cl.read.1.tlog
c:\python_projects\practiceproject\cpp_part\pybind\pybind\x64\debug\pybind.tlog\cl.write.1.tlog
c:\python_projects\practiceproject\cpp_part\pybind\pybind\x64\debug\pybind.tlog\link-cvtres.read.1.tlog
c:\python_projects\practiceproject\cpp_part\pybind\pybind\x64\debug\pybind.tlog\link-cvtres.write.1.tlog
c:\python_projects\practiceproject\cpp_part\pybind\pybind\x64\debug\pybind.tlog\link-rc.read.1.tlog
c:\python_projects\practiceproject\cpp_part\pybind\pybind\x64\debug\pybind.tlog\link-rc.write.1.tlog
c:\python_projects\practiceproject\cpp_part\pybind\pybind\x64\debug\pybind.tlog\link.command.1.tlog
c:\python_projects\practiceproject\cpp_part\pybind\pybind\x64\debug\pybind.tlog\link.read.1.tlog
c:\python_projects\practiceproject\cpp_part\pybind\pybind\x64\debug\pybind.tlog\link.read.2.tlog
c:\python_projects\practiceproject\cpp_part\pybind\pybind\x64\debug\pybind.tlog\link.secondary.1.tlog
c:\python_projects\practiceproject\cpp_part\pybind\pybind\x64\debug\pybind.tlog\link.write.1.tlog
